nohup: ignoring input
用户: 615 连接进来
用户: 615 断开连接...
用户: 663 连接进来
用户: 663 断开连接...
用户: 108 连接进来
用户: 148 连接进来
{ cmd: 'call', cid: '108', uid: '148' }
用户: 241 连接进来
{ cmd: 'answer', cid: '148', uid: '108' }
{ cmd: 'reject', cid: '148', uid: '108' }
用户: 241 断开连接...
用户: 108 断开连接...
用户: 148 断开连接...
用户: 250 连接进来
用户: 250 断开连接...
用户: 546 连接进来
用户: 546 断开连接...
用户: 209 连接进来
用户: 209 断开连接...
用户: 283 连接进来
用户: 283 断开连接...
用户: 509 连接进来
用户: 509 断开连接...
用户: 955 连接进来
用户: 955 断开连接...
用户: 420 连接进来
用户: 420 断开连接...
用户: 24 连接进来
{ cmd: 'query', uid: '24' }
{ cmd: 'call', cid: '24', uid: '24' }
{ cmd: 'answer', cid: '24', uid: '24' }
{ cmd: 'reject', cid: '24', uid: '24' }
{ cmd: 'closed', cid: '24', uid: '24' }
{ cmd: 'query', uid: '24' }
{ cmd: 'call', cid: '24', uid: '24' }
{ cmd: 'query', uid: '24' }
{ cmd: 'query', uid: '24' }
{ cmd: 'query', uid: '24' }
用户: 529 连接进来
用户: 24 断开连接...
用户: 204 连接进来
用户: 529 断开连接...
用户: 204 断开连接...
用户: 728 连接进来
用户: 871 连接进来
用户: 728 断开连接...
用户: 68 连接进来
{ cmd: 'call', cid: '871', uid: '68' }
{ cmd: 'reject', cid: '68', uid: '871' }
{ cmd: 'query', uid: '871' }
用户: 68 断开连接...
用户: 871 断开连接...
用户: 97 连接进来
用户: 97 断开连接...
用户: 381 连接进来
用户: 381 断开连接...
